2024-10-11 09:55:59,212 - INFO - Scrapping data...
2024-10-11 09:55:59,214 - INFO - Connecting to 149.154.167.92:443/TcpFull...
2024-10-11 09:55:59,490 - INFO - Connection to 149.154.167.92:443/TcpFull complete!
2024-10-11 09:56:33,005 - INFO - Scraping historical data from @DoctorsET (Doctors Ethiopia)...
2024-10-11 09:56:33,479 - INFO - Finished scraping @DoctorsET
2024-10-11 09:56:33,625 - INFO - Scraping historical data from @lobelia4cosmetics (Lobelia pharmacy and cosmetics)...
2024-10-11 09:56:34,297 - INFO - Finished scraping @lobelia4cosmetics
2024-10-11 09:56:34,431 - INFO - Scraping historical data from @yetenaweg (የጤና ወግ - የጤና መረጃ)...
2024-10-11 09:56:35,595 - INFO - Finished scraping @yetenaweg
2024-10-11 09:56:36,310 - INFO - Scraping historical data from @EAHCI (ETHIO-AMERICAN MEDICAL TRAININGS( CPD ) & HEALTH CONSULTANCY CENTER)...
2024-10-11 09:56:36,798 - INFO - Finished scraping @EAHCI
2024-10-11 09:56:37,769 - INFO - Scraping historical data from @CheMed123 (CheMed)...
2024-10-11 09:56:38,071 - INFO - Finished scraping @CheMed123
2024-10-11 09:56:38,075 - INFO - Listening for real-time messages...
2024-10-11 10:00:29,888 - INFO - Scrapping data...
2024-10-11 10:00:29,889 - INFO - Connecting to 149.154.167.92:443/TcpFull...
2024-10-11 10:00:30,037 - INFO - Connection to 149.154.167.92:443/TcpFull complete!
2024-10-11 10:00:31,429 - INFO - Scraping historical data from @DoctorsET (Doctors Ethiopia)...
2024-10-11 10:00:31,657 - INFO - Finished scraping @DoctorsET
2024-10-11 10:00:31,785 - INFO - Scraping historical data from @lobelia4cosmetics (Lobelia pharmacy and cosmetics)...
2024-10-11 10:00:32,329 - INFO - Collecting image from @lobelia4cosmetics
2024-10-11 10:00:32,337 - INFO - Starting direct file download in chunks of 131072 at 0, stride 131072
2024-10-11 10:00:32,717 - INFO - Collecting image from @lobelia4cosmetics
2024-10-11 10:00:32,721 - INFO - Starting direct file download in chunks of 131072 at 0, stride 131072
2024-10-11 10:00:33,035 - INFO - Collecting image from @lobelia4cosmetics
2024-10-11 10:00:33,036 - INFO - Starting direct file download in chunks of 131072 at 0, stride 131072
2024-10-11 10:00:33,207 - INFO - Collecting image from @lobelia4cosmetics
2024-10-11 10:00:33,209 - INFO - Starting direct file download in chunks of 131072 at 0, stride 131072
2024-10-11 10:00:34,014 - INFO - Collecting image from @lobelia4cosmetics
2024-10-11 10:00:34,018 - INFO - Starting direct file download in chunks of 131072 at 0, stride 131072
2024-10-11 10:00:34,184 - INFO - Collecting image from @lobelia4cosmetics
2024-10-11 10:00:34,188 - INFO - Starting direct file download in chunks of 131072 at 0, stride 131072
2024-10-11 10:00:34,339 - INFO - Collecting image from @lobelia4cosmetics
2024-10-11 10:00:34,340 - INFO - Starting direct file download in chunks of 131072 at 0, stride 131072
2024-10-11 10:00:34,537 - INFO - Collecting image from @lobelia4cosmetics
2024-10-11 10:00:34,541 - INFO - Starting direct file download in chunks of 131072 at 0, stride 131072
2024-10-11 10:00:34,763 - INFO - Collecting image from @lobelia4cosmetics
2024-10-11 10:00:34,764 - INFO - Starting direct file download in chunks of 131072 at 0, stride 131072
2024-10-11 10:00:35,428 - INFO - Collecting image from @lobelia4cosmetics
2024-10-11 10:00:35,432 - INFO - Starting direct file download in chunks of 131072 at 0, stride 131072
2024-10-11 10:00:36,829 - INFO - Collecting image from @lobelia4cosmetics
2024-10-11 10:00:36,831 - INFO - Starting direct file download in chunks of 131072 at 0, stride 131072
2024-10-11 10:00:37,023 - INFO - Collecting image from @lobelia4cosmetics
2024-10-11 10:00:37,031 - INFO - Starting direct file download in chunks of 131072 at 0, stride 131072
2024-10-11 10:00:37,225 - INFO - Collecting image from @lobelia4cosmetics
2024-10-11 10:00:37,229 - INFO - Starting direct file download in chunks of 131072 at 0, stride 131072
2024-10-11 10:00:37,534 - INFO - Collecting image from @lobelia4cosmetics
2024-10-11 10:00:37,538 - INFO - Starting direct file download in chunks of 131072 at 0, stride 131072
2024-10-11 10:00:37,741 - INFO - Collecting image from @lobelia4cosmetics
2024-10-11 10:00:37,749 - INFO - Starting direct file download in chunks of 131072 at 0, stride 131072
2024-10-11 10:00:38,185 - INFO - Collecting image from @lobelia4cosmetics
2024-10-11 10:00:38,191 - INFO - Starting direct file download in chunks of 131072 at 0, stride 131072
2024-10-11 10:00:38,460 - INFO - Collecting image from @lobelia4cosmetics
2024-10-11 10:00:38,462 - INFO - Starting direct file download in chunks of 131072 at 0, stride 131072
2024-10-11 10:00:38,693 - INFO - Collecting image from @lobelia4cosmetics
2024-10-11 10:00:38,694 - INFO - Starting direct file download in chunks of 131072 at 0, stride 131072
2024-10-11 10:00:39,094 - INFO - Collecting image from @lobelia4cosmetics
2024-10-11 10:00:39,096 - INFO - Starting direct file download in chunks of 131072 at 0, stride 131072
2024-10-11 10:00:39,581 - INFO - Collecting image from @lobelia4cosmetics
2024-10-11 10:00:39,584 - INFO - Starting direct file download in chunks of 131072 at 0, stride 131072
2024-10-11 10:00:40,043 - INFO - Collecting image from @lobelia4cosmetics
2024-10-11 10:00:40,045 - INFO - Starting direct file download in chunks of 131072 at 0, stride 131072
2024-10-11 10:00:40,563 - INFO - Collecting image from @lobelia4cosmetics
2024-10-11 10:00:40,564 - INFO - Starting direct file download in chunks of 131072 at 0, stride 131072
2024-10-11 10:00:41,214 - INFO - Collecting image from @lobelia4cosmetics
2024-10-11 10:00:41,215 - INFO - Starting direct file download in chunks of 131072 at 0, stride 131072
2024-10-11 10:00:41,603 - INFO - Collecting image from @lobelia4cosmetics
2024-10-11 10:00:41,605 - INFO - Starting direct file download in chunks of 131072 at 0, stride 131072
2024-10-11 10:00:43,261 - INFO - Collecting image from @lobelia4cosmetics
2024-10-11 10:00:43,266 - INFO - Starting direct file download in chunks of 131072 at 0, stride 131072
2024-10-11 10:00:43,675 - INFO - Collecting image from @lobelia4cosmetics
2024-10-11 10:00:43,677 - INFO - Starting direct file download in chunks of 131072 at 0, stride 131072
2024-10-11 10:00:44,204 - INFO - Finished scraping @lobelia4cosmetics
2024-10-11 10:00:44,600 - INFO - Scraping historical data from @yetenaweg (የጤና ወግ - የጤና መረጃ)...
2024-10-11 10:00:45,363 - INFO - Finished scraping @yetenaweg
2024-10-11 10:00:45,520 - INFO - Scraping historical data from @EAHCI (ETHIO-AMERICAN MEDICAL TRAININGS( CPD ) & HEALTH CONSULTANCY CENTER)...
2024-10-11 10:00:45,724 - INFO - Finished scraping @EAHCI
2024-10-11 10:00:46,659 - INFO - Scraping historical data from @CheMed123 (CheMed)...
2024-10-11 10:00:47,124 - INFO - Collecting image from @CheMed123
2024-10-11 10:00:47,129 - INFO - Starting direct file download in chunks of 131072 at 0, stride 131072
2024-10-11 10:00:47,378 - INFO - Collecting image from @CheMed123
2024-10-11 10:00:47,383 - INFO - Starting direct file download in chunks of 131072 at 0, stride 131072
2024-10-11 10:00:48,078 - INFO - Collecting image from @CheMed123
2024-10-11 10:00:48,080 - INFO - Starting direct file download in chunks of 131072 at 0, stride 131072
2024-10-11 10:00:48,374 - INFO - Collecting image from @CheMed123
2024-10-11 10:00:48,375 - INFO - Starting direct file download in chunks of 131072 at 0, stride 131072
2024-10-11 10:00:48,592 - INFO - Collecting image from @CheMed123
2024-10-11 10:00:48,593 - INFO - Starting direct file download in chunks of 131072 at 0, stride 131072
2024-10-11 10:00:49,031 - INFO - Collecting image from @CheMed123
2024-10-11 10:00:49,036 - INFO - Starting direct file download in chunks of 131072 at 0, stride 131072
2024-10-11 10:00:49,502 - INFO - Collecting image from @CheMed123
2024-10-11 10:00:49,502 - INFO - Starting direct file download in chunks of 131072 at 0, stride 131072
2024-10-11 10:00:49,745 - INFO - Collecting image from @CheMed123
2024-10-11 10:00:49,749 - INFO - Starting direct file download in chunks of 131072 at 0, stride 131072
2024-10-11 10:00:50,299 - INFO - Collecting image from @CheMed123
2024-10-11 10:00:50,300 - INFO - Collecting image from @CheMed123
2024-10-11 10:00:50,301 - INFO - Starting direct file download in chunks of 131072 at 0, stride 131072
2024-10-11 10:00:50,727 - INFO - Collecting image from @CheMed123
2024-10-11 10:00:50,729 - INFO - Starting direct file download in chunks of 131072 at 0, stride 131072
2024-10-11 10:00:51,112 - INFO - Collecting image from @CheMed123
2024-10-11 10:00:51,113 - INFO - Starting direct file download in chunks of 131072 at 0, stride 131072
2024-10-11 10:00:52,062 - INFO - Collecting image from @CheMed123
2024-10-11 10:00:52,063 - INFO - Starting direct file download in chunks of 131072 at 0, stride 131072
2024-10-11 10:00:52,242 - INFO - Collecting image from @CheMed123
2024-10-11 10:00:52,243 - INFO - Starting direct file download in chunks of 131072 at 0, stride 131072
2024-10-11 10:00:52,437 - INFO - Collecting image from @CheMed123
2024-10-11 10:00:52,438 - INFO - Starting direct file download in chunks of 131072 at 0, stride 131072
2024-10-11 10:00:52,819 - INFO - Collecting image from @CheMed123
2024-10-11 10:00:52,823 - INFO - Starting direct file download in chunks of 131072 at 0, stride 131072
2024-10-11 10:00:53,090 - INFO - Collecting image from @CheMed123
2024-10-11 10:00:53,092 - INFO - Starting direct file download in chunks of 131072 at 0, stride 131072
2024-10-11 10:00:53,537 - INFO - Collecting image from @CheMed123
2024-10-11 10:00:53,543 - INFO - Starting direct file download in chunks of 131072 at 0, stride 131072
2024-10-11 10:00:54,370 - INFO - Collecting image from @CheMed123
2024-10-11 10:00:54,375 - INFO - Starting direct file download in chunks of 131072 at 0, stride 131072
2024-10-11 10:00:54,952 - INFO - Collecting image from @CheMed123
2024-10-11 10:00:54,957 - INFO - Starting direct file download in chunks of 131072 at 0, stride 131072
2024-10-11 10:00:55,437 - INFO - Collecting image from @CheMed123
2024-10-11 10:00:55,442 - INFO - Starting direct file download in chunks of 131072 at 0, stride 131072
2024-10-11 10:01:52,492 - INFO - Scrapping data...
2024-10-11 10:01:52,494 - INFO - Connecting to 149.154.167.92:443/TcpFull...
2024-10-11 10:01:52,835 - INFO - Connection to 149.154.167.92:443/TcpFull complete!
2024-10-11 10:01:54,377 - INFO - Scraping historical data from @DoctorsET (Doctors Ethiopia)...
2024-10-11 10:01:55,137 - INFO - Image Collected from @DoctorsET
2024-10-11 10:01:55,141 - INFO - Image Collected from @DoctorsET
2024-10-11 10:01:55,144 - INFO - Image Collected from @DoctorsET
2024-10-11 10:01:55,147 - INFO - Image Collected from @DoctorsET
2024-10-11 10:01:55,152 - INFO - Image Collected from @DoctorsET
2024-10-11 10:01:55,156 - INFO - Image Collected from @DoctorsET
2024-10-11 10:01:55,161 - INFO - Image Collected from @DoctorsET
2024-10-11 10:01:55,166 - INFO - Image Collected from @DoctorsET
2024-10-11 10:01:55,172 - INFO - Image Collected from @DoctorsET
2024-10-11 10:01:55,176 - INFO - Image Collected from @DoctorsET
2024-10-11 10:01:55,181 - INFO - Image Collected from @DoctorsET
2024-10-11 10:01:55,190 - INFO - Image Collected from @DoctorsET
2024-10-11 10:01:55,196 - INFO - Image Collected from @DoctorsET
2024-10-11 10:01:55,201 - INFO - Image Collected from @DoctorsET
2024-10-11 10:01:55,209 - INFO - Image Collected from @DoctorsET
2024-10-11 10:01:55,216 - INFO - Image Collected from @DoctorsET
2024-10-11 10:01:55,225 - INFO - Image Collected from @DoctorsET
2024-10-11 10:01:55,232 - INFO - Finished scraping @DoctorsET
2024-10-11 10:01:55,483 - INFO - Scraping historical data from @lobelia4cosmetics (Lobelia pharmacy and cosmetics)...
2024-10-11 10:01:56,020 - INFO - Starting direct file download in chunks of 131072 at 0, stride 131072
2024-10-11 10:01:56,376 - INFO - Image Collected from @lobelia4cosmetics
2024-10-11 10:01:56,377 - INFO - Starting direct file download in chunks of 131072 at 0, stride 131072
2024-10-11 10:01:56,640 - INFO - Image Collected from @lobelia4cosmetics
2024-10-11 10:01:56,642 - INFO - Starting direct file download in chunks of 131072 at 0, stride 131072
2024-10-11 10:01:56,791 - INFO - Image Collected from @lobelia4cosmetics
2024-10-11 10:01:56,792 - INFO - Starting direct file download in chunks of 131072 at 0, stride 131072
2024-10-11 10:01:57,019 - INFO - Image Collected from @lobelia4cosmetics
2024-10-11 10:01:57,020 - INFO - Starting direct file download in chunks of 131072 at 0, stride 131072
2024-10-11 10:01:57,236 - INFO - Image Collected from @lobelia4cosmetics
2024-10-11 10:01:57,239 - INFO - Starting direct file download in chunks of 131072 at 0, stride 131072
2024-10-11 10:01:57,577 - INFO - Image Collected from @lobelia4cosmetics
2024-10-11 10:01:57,583 - INFO - Starting direct file download in chunks of 131072 at 0, stride 131072
2024-10-11 10:01:57,750 - INFO - Image Collected from @lobelia4cosmetics
2024-10-11 10:01:57,755 - INFO - Starting direct file download in chunks of 131072 at 0, stride 131072
2024-10-11 10:01:58,014 - INFO - Image Collected from @lobelia4cosmetics
2024-10-11 10:01:58,016 - INFO - Starting direct file download in chunks of 131072 at 0, stride 131072
2024-10-11 10:01:58,440 - INFO - Image Collected from @lobelia4cosmetics
2024-10-11 10:01:58,441 - INFO - Starting direct file download in chunks of 131072 at 0, stride 131072
2024-10-11 10:01:58,741 - INFO - Image Collected from @lobelia4cosmetics
2024-10-11 10:01:58,742 - INFO - Starting direct file download in chunks of 131072 at 0, stride 131072
2024-10-11 10:01:58,925 - INFO - Image Collected from @lobelia4cosmetics
2024-10-11 10:01:58,926 - INFO - Starting direct file download in chunks of 131072 at 0, stride 131072
2024-10-11 10:01:59,093 - INFO - Image Collected from @lobelia4cosmetics
2024-10-11 10:01:59,096 - INFO - Starting direct file download in chunks of 131072 at 0, stride 131072
2024-10-11 10:01:59,262 - INFO - Image Collected from @lobelia4cosmetics
2024-10-11 10:01:59,266 - INFO - Starting direct file download in chunks of 131072 at 0, stride 131072
2024-10-11 10:01:59,431 - INFO - Image Collected from @lobelia4cosmetics
2024-10-11 10:01:59,433 - INFO - Starting direct file download in chunks of 131072 at 0, stride 131072
2024-10-11 10:01:59,848 - INFO - Image Collected from @lobelia4cosmetics
2024-10-11 10:01:59,850 - INFO - Starting direct file download in chunks of 131072 at 0, stride 131072
2024-10-11 10:02:00,079 - INFO - Image Collected from @lobelia4cosmetics
2024-10-11 10:02:00,081 - INFO - Starting direct file download in chunks of 131072 at 0, stride 131072
2024-10-11 10:02:00,282 - INFO - Image Collected from @lobelia4cosmetics
2024-10-11 10:02:00,283 - INFO - Starting direct file download in chunks of 131072 at 0, stride 131072
2024-10-11 10:02:00,448 - INFO - Image Collected from @lobelia4cosmetics
2024-10-11 10:02:00,454 - INFO - Starting direct file download in chunks of 131072 at 0, stride 131072
2024-10-11 10:02:00,970 - INFO - Image Collected from @lobelia4cosmetics
2024-10-11 10:02:00,971 - INFO - Starting direct file download in chunks of 131072 at 0, stride 131072
2024-10-11 10:02:01,453 - INFO - Image Collected from @lobelia4cosmetics
2024-10-11 10:02:01,455 - INFO - Starting direct file download in chunks of 131072 at 0, stride 131072
2024-10-11 10:02:02,022 - INFO - Image Collected from @lobelia4cosmetics
2024-10-11 10:02:02,023 - INFO - Starting direct file download in chunks of 131072 at 0, stride 131072
2024-10-11 10:02:02,422 - INFO - Image Collected from @lobelia4cosmetics
2024-10-11 10:02:02,423 - INFO - Starting direct file download in chunks of 131072 at 0, stride 131072
2024-10-11 10:02:02,945 - INFO - Image Collected from @lobelia4cosmetics
2024-10-11 10:02:02,950 - INFO - Starting direct file download in chunks of 131072 at 0, stride 131072
2024-10-11 10:02:04,261 - INFO - Image Collected from @lobelia4cosmetics
2024-10-11 10:02:04,267 - INFO - Starting direct file download in chunks of 131072 at 0, stride 131072
2024-10-11 10:02:04,800 - INFO - Image Collected from @lobelia4cosmetics
2024-10-11 10:02:04,803 - INFO - Starting direct file download in chunks of 131072 at 0, stride 131072
2024-10-11 10:02:05,336 - INFO - Image Collected from @lobelia4cosmetics
2024-10-11 10:02:05,340 - INFO - Finished scraping @lobelia4cosmetics
2024-10-11 10:02:05,609 - INFO - Scraping historical data from @yetenaweg (የጤና ወግ - የጤና መረጃ)...
2024-10-11 10:02:05,853 - INFO - Image Collected from @yetenaweg
2024-10-11 10:02:05,854 - INFO - Image Collected from @yetenaweg
2024-10-11 10:02:05,855 - INFO - Image Collected from @yetenaweg
2024-10-11 10:02:05,857 - INFO - Image Collected from @yetenaweg
2024-10-11 10:02:05,859 - INFO - Image Collected from @yetenaweg
2024-10-11 10:02:05,860 - INFO - Image Collected from @yetenaweg
2024-10-11 10:02:05,861 - INFO - Image Collected from @yetenaweg
2024-10-11 10:02:05,861 - INFO - Image Collected from @yetenaweg
2024-10-11 10:02:05,862 - INFO - Image Collected from @yetenaweg
2024-10-11 10:02:05,863 - INFO - Image Collected from @yetenaweg
2024-10-11 10:02:05,863 - INFO - Image Collected from @yetenaweg
2024-10-11 10:02:05,864 - INFO - Finished scraping @yetenaweg
2024-10-11 10:02:06,005 - INFO - Scraping historical data from @EAHCI (ETHIO-AMERICAN MEDICAL TRAININGS( CPD ) & HEALTH CONSULTANCY CENTER)...
2024-10-11 10:02:06,247 - INFO - Image Collected from @EAHCI
2024-10-11 10:02:06,247 - INFO - Image Collected from @EAHCI
2024-10-11 10:02:06,249 - INFO - Image Collected from @EAHCI
2024-10-11 10:02:06,249 - INFO - Image Collected from @EAHCI
2024-10-11 10:02:06,250 - INFO - Image Collected from @EAHCI
2024-10-11 10:02:06,251 - INFO - Image Collected from @EAHCI
2024-10-11 10:02:06,251 - INFO - Image Collected from @EAHCI
2024-10-11 10:02:06,252 - INFO - Image Collected from @EAHCI
2024-10-11 10:02:06,252 - INFO - Image Collected from @EAHCI
2024-10-11 10:02:06,253 - INFO - Image Collected from @EAHCI
2024-10-11 10:02:06,254 - INFO - Image Collected from @EAHCI
2024-10-11 10:02:06,255 - INFO - Image Collected from @EAHCI
2024-10-11 10:02:06,256 - INFO - Image Collected from @EAHCI
2024-10-11 10:02:06,258 - INFO - Image Collected from @EAHCI
2024-10-11 10:02:06,259 - INFO - Image Collected from @EAHCI
2024-10-11 10:02:06,260 - INFO - Image Collected from @EAHCI
2024-10-11 10:02:06,261 - INFO - Image Collected from @EAHCI
2024-10-11 10:02:06,262 - INFO - Image Collected from @EAHCI
2024-10-11 10:02:06,264 - INFO - Image Collected from @EAHCI
2024-10-11 10:02:06,264 - INFO - Image Collected from @EAHCI
2024-10-11 10:02:06,266 - INFO - Image Collected from @EAHCI
2024-10-11 10:02:06,266 - INFO - Image Collected from @EAHCI
2024-10-11 10:02:06,267 - INFO - Image Collected from @EAHCI
2024-10-11 10:02:06,268 - INFO - Image Collected from @EAHCI
2024-10-11 10:02:06,268 - INFO - Image Collected from @EAHCI
2024-10-11 10:02:06,269 - INFO - Image Collected from @EAHCI
2024-10-11 10:02:06,270 - INFO - Image Collected from @EAHCI
2024-10-11 10:02:06,271 - INFO - Finished scraping @EAHCI
2024-10-11 10:02:06,402 - INFO - Scraping historical data from @CheMed123 (CheMed)...
2024-10-11 10:02:06,933 - INFO - Starting direct file download in chunks of 131072 at 0, stride 131072
2024-10-11 10:02:07,678 - INFO - Image Collected from @CheMed123
2024-10-11 10:02:07,679 - INFO - Starting direct file download in chunks of 131072 at 0, stride 131072
2024-10-11 10:02:08,574 - INFO - Image Collected from @CheMed123
2024-10-11 10:02:08,581 - INFO - Starting direct file download in chunks of 131072 at 0, stride 131072
2024-10-11 10:02:09,035 - INFO - Image Collected from @CheMed123
2024-10-11 10:02:09,042 - INFO - Starting direct file download in chunks of 131072 at 0, stride 131072
2024-10-11 10:02:09,380 - INFO - Image Collected from @CheMed123
2024-10-11 10:02:09,381 - INFO - Starting direct file download in chunks of 131072 at 0, stride 131072
2024-10-11 10:02:09,975 - INFO - Image Collected from @CheMed123
2024-10-11 10:02:09,976 - INFO - Starting direct file download in chunks of 131072 at 0, stride 131072
2024-10-11 10:02:11,012 - INFO - Image Collected from @CheMed123
2024-10-11 10:02:11,014 - INFO - Starting direct file download in chunks of 131072 at 0, stride 131072
2024-10-11 10:02:11,415 - INFO - Image Collected from @CheMed123
2024-10-11 10:02:11,417 - INFO - Starting direct file download in chunks of 131072 at 0, stride 131072
2024-10-11 10:02:13,029 - INFO - Image Collected from @CheMed123
2024-10-11 10:02:13,034 - INFO - Image Collected from @CheMed123
2024-10-11 10:02:13,040 - INFO - Starting direct file download in chunks of 131072 at 0, stride 131072
2024-10-11 10:02:14,156 - INFO - Image Collected from @CheMed123
2024-10-11 10:02:14,162 - INFO - Starting direct file download in chunks of 131072 at 0, stride 131072
2024-10-11 10:03:53,950 - INFO - Closing current connection to begin reconnect...
2024-10-11 10:04:02,707 - INFO - Scrapping data...
2024-10-11 10:04:02,709 - INFO - Connecting to 149.154.167.92:443/TcpFull...
2024-10-11 10:04:03,763 - INFO - Connection to 149.154.167.92:443/TcpFull complete!
2024-10-11 10:04:06,137 - INFO - Scraping historical data from @DoctorsET (Doctors Ethiopia)...
2024-10-11 10:04:06,884 - INFO - Collecting Image...
2024-10-11 10:04:06,888 - INFO - Collecting Image...
2024-10-11 10:04:06,893 - INFO - Collecting Image...
2024-10-11 10:04:06,897 - INFO - Collecting Image...
2024-10-11 10:04:06,902 - INFO - Collecting Image...
2024-10-11 10:04:06,907 - INFO - Collecting Image...
2024-10-11 10:04:06,913 - INFO - Collecting Image...
2024-10-11 10:04:06,919 - INFO - Collecting Image...
2024-10-11 10:04:06,925 - INFO - Collecting Image...
2024-10-11 10:04:06,929 - INFO - Collecting Image...
2024-10-11 10:04:06,939 - INFO - Collecting Image...
2024-10-11 10:04:06,947 - INFO - Collecting Image...
2024-10-11 10:04:06,952 - INFO - Collecting Image...
2024-10-11 10:04:06,960 - INFO - Collecting Image...
2024-10-11 10:04:06,965 - INFO - Collecting Image...
2024-10-11 10:04:06,968 - INFO - Collecting Image...
2024-10-11 10:04:06,971 - INFO - Collecting Image...
2024-10-11 10:04:06,974 - INFO - Finished scraping @DoctorsET
2024-10-11 10:04:07,252 - INFO - Scraping historical data from @lobelia4cosmetics (Lobelia pharmacy and cosmetics)...
2024-10-11 10:04:07,672 - INFO - Collecting Image...
2024-10-11 10:04:07,677 - INFO - Starting direct file download in chunks of 131072 at 0, stride 131072
2024-10-11 10:04:08,231 - INFO - Collecting Image...
2024-10-11 10:04:08,235 - INFO - Starting direct file download in chunks of 131072 at 0, stride 131072
2024-10-11 10:04:08,644 - INFO - Collecting Image...
2024-10-11 10:04:08,645 - INFO - Starting direct file download in chunks of 131072 at 0, stride 131072
2024-10-11 10:04:08,851 - INFO - Collecting Image...
2024-10-11 10:04:08,852 - INFO - Starting direct file download in chunks of 131072 at 0, stride 131072
2024-10-11 10:04:09,188 - INFO - Collecting Image...
2024-10-11 10:04:09,192 - INFO - Starting direct file download in chunks of 131072 at 0, stride 131072
2024-10-11 10:04:09,397 - INFO - Collecting Image...
2024-10-11 10:04:09,398 - INFO - Starting direct file download in chunks of 131072 at 0, stride 131072
2024-10-11 10:04:09,611 - INFO - Collecting Image...
2024-10-11 10:04:09,612 - INFO - Starting direct file download in chunks of 131072 at 0, stride 131072
2024-10-11 10:04:09,796 - INFO - Collecting Image...
2024-10-11 10:04:09,797 - INFO - Starting direct file download in chunks of 131072 at 0, stride 131072
2024-10-11 10:04:10,028 - INFO - Collecting Image...
2024-10-11 10:04:10,029 - INFO - Starting direct file download in chunks of 131072 at 0, stride 131072
2024-10-11 10:04:10,839 - INFO - Collecting Image...
2024-10-11 10:04:10,844 - INFO - Starting direct file download in chunks of 131072 at 0, stride 131072
2024-10-11 10:04:11,147 - INFO - Collecting Image...
2024-10-11 10:04:11,149 - INFO - Starting direct file download in chunks of 131072 at 0, stride 131072
2024-10-11 10:04:11,325 - INFO - Collecting Image...
2024-10-11 10:04:11,326 - INFO - Starting direct file download in chunks of 131072 at 0, stride 131072
2024-10-11 10:04:11,496 - INFO - Collecting Image...
2024-10-11 10:04:11,497 - INFO - Starting direct file download in chunks of 131072 at 0, stride 131072
2024-10-11 10:04:11,729 - INFO - Collecting Image...
2024-10-11 10:04:11,730 - INFO - Starting direct file download in chunks of 131072 at 0, stride 131072
2024-10-11 10:04:12,031 - INFO - Collecting Image...
2024-10-11 10:04:12,034 - INFO - Starting direct file download in chunks of 131072 at 0, stride 131072
2024-10-11 10:04:12,645 - INFO - Collecting Image...
2024-10-11 10:04:12,649 - INFO - Starting direct file download in chunks of 131072 at 0, stride 131072
2024-10-11 10:04:14,494 - INFO - Collecting Image...
2024-10-11 10:04:14,497 - INFO - Starting direct file download in chunks of 131072 at 0, stride 131072
2024-10-11 10:04:27,643 - INFO - Scrapping data...
2024-10-11 10:04:27,644 - INFO - Connecting to 149.154.167.92:443/TcpFull...
2024-10-11 10:04:27,816 - INFO - Connection to 149.154.167.92:443/TcpFull complete!
2024-10-11 10:04:28,762 - INFO - Scraping historical data from @DoctorsET (Doctors Ethiopia)...
2024-10-11 10:04:28,977 - INFO - Finished scraping @DoctorsET
2024-10-11 10:04:29,239 - INFO - Scraping historical data from @lobelia4cosmetics (Lobelia pharmacy and cosmetics)...
2024-10-11 10:04:29,471 - INFO - Starting direct file download in chunks of 131072 at 0, stride 131072
2024-10-11 10:04:29,871 - INFO - Starting direct file download in chunks of 131072 at 0, stride 131072
2024-10-11 10:04:30,146 - INFO - Starting direct file download in chunks of 131072 at 0, stride 131072
2024-10-11 10:04:30,354 - INFO - Starting direct file download in chunks of 131072 at 0, stride 131072
2024-10-11 10:04:30,612 - INFO - Starting direct file download in chunks of 131072 at 0, stride 131072
2024-10-11 10:04:30,797 - INFO - Starting direct file download in chunks of 131072 at 0, stride 131072
2024-10-11 10:04:31,021 - INFO - Starting direct file download in chunks of 131072 at 0, stride 131072
2024-10-11 10:04:31,192 - INFO - Starting direct file download in chunks of 131072 at 0, stride 131072
2024-10-11 10:04:31,489 - INFO - Starting direct file download in chunks of 131072 at 0, stride 131072
2024-10-11 10:04:31,962 - INFO - Starting direct file download in chunks of 131072 at 0, stride 131072
2024-10-11 10:04:32,252 - INFO - Starting direct file download in chunks of 131072 at 0, stride 131072
2024-10-11 10:04:32,492 - INFO - Starting direct file download in chunks of 131072 at 0, stride 131072
2024-10-11 10:04:32,655 - INFO - Starting direct file download in chunks of 131072 at 0, stride 131072
2024-10-11 10:04:32,845 - INFO - Starting direct file download in chunks of 131072 at 0, stride 131072
2024-10-11 10:04:33,012 - INFO - Starting direct file download in chunks of 131072 at 0, stride 131072
2024-10-11 10:04:33,503 - INFO - Starting direct file download in chunks of 131072 at 0, stride 131072
2024-10-11 10:04:33,751 - INFO - Starting direct file download in chunks of 131072 at 0, stride 131072
2024-10-11 10:04:34,003 - INFO - Starting direct file download in chunks of 131072 at 0, stride 131072
2024-10-11 10:04:34,156 - INFO - Starting direct file download in chunks of 131072 at 0, stride 131072
2024-10-11 10:04:34,746 - INFO - Starting direct file download in chunks of 131072 at 0, stride 131072
2024-10-11 10:04:35,181 - INFO - Starting direct file download in chunks of 131072 at 0, stride 131072
2024-10-11 10:04:35,591 - INFO - Starting direct file download in chunks of 131072 at 0, stride 131072
2024-10-11 10:04:37,104 - INFO - Starting direct file download in chunks of 131072 at 0, stride 131072
2024-10-11 10:04:37,812 - INFO - Starting direct file download in chunks of 131072 at 0, stride 131072
2024-10-11 10:04:39,159 - INFO - Starting direct file download in chunks of 131072 at 0, stride 131072
2024-10-11 10:04:39,589 - INFO - Starting direct file download in chunks of 131072 at 0, stride 131072
2024-10-11 10:04:40,155 - INFO - Finished scraping @lobelia4cosmetics
2024-10-11 10:04:40,542 - INFO - Scraping historical data from @yetenaweg (የጤና ወግ - የጤና መረጃ)...
2024-10-11 10:04:41,108 - INFO - Finished scraping @yetenaweg
2024-10-11 10:04:41,289 - INFO - Scraping historical data from @EAHCI (ETHIO-AMERICAN MEDICAL TRAININGS( CPD ) & HEALTH CONSULTANCY CENTER)...
2024-10-11 10:04:41,533 - INFO - Finished scraping @EAHCI
2024-10-11 10:04:41,794 - INFO - Scraping historical data from @CheMed123 (CheMed)...
2024-10-11 10:04:42,052 - INFO - Starting direct file download in chunks of 131072 at 0, stride 131072
2024-10-11 10:04:42,353 - INFO - Starting direct file download in chunks of 131072 at 0, stride 131072
2024-10-11 10:04:42,902 - INFO - Starting direct file download in chunks of 131072 at 0, stride 131072
2024-10-11 10:04:43,481 - INFO - Starting direct file download in chunks of 131072 at 0, stride 131072
2024-10-11 10:04:43,786 - INFO - Starting direct file download in chunks of 131072 at 0, stride 131072
2024-10-11 10:04:44,995 - INFO - Starting direct file download in chunks of 131072 at 0, stride 131072
2024-10-11 10:04:45,969 - INFO - Starting direct file download in chunks of 131072 at 0, stride 131072
2024-10-11 10:04:46,828 - INFO - Starting direct file download in chunks of 131072 at 0, stride 131072
2024-10-11 10:04:47,920 - INFO - Starting direct file download in chunks of 131072 at 0, stride 131072
2024-10-11 10:04:48,756 - INFO - Starting direct file download in chunks of 131072 at 0, stride 131072
2024-10-11 10:04:49,873 - INFO - Starting direct file download in chunks of 131072 at 0, stride 131072
2024-10-11 10:04:50,787 - INFO - Starting direct file download in chunks of 131072 at 0, stride 131072
2024-10-11 10:04:51,213 - INFO - Starting direct file download in chunks of 131072 at 0, stride 131072
2024-10-11 10:04:52,263 - INFO - Starting direct file download in chunks of 131072 at 0, stride 131072
2024-10-11 10:04:53,358 - INFO - Starting direct file download in chunks of 131072 at 0, stride 131072
2024-10-11 10:04:53,960 - INFO - Starting direct file download in chunks of 131072 at 0, stride 131072
2024-10-11 10:04:57,793 - INFO - Starting direct file download in chunks of 131072 at 0, stride 131072
2024-10-11 10:04:58,636 - INFO - Starting direct file download in chunks of 131072 at 0, stride 131072
2024-10-11 10:04:59,837 - INFO - Starting direct file download in chunks of 131072 at 0, stride 131072
2024-10-11 10:05:01,469 - INFO - Starting direct file download in chunks of 131072 at 0, stride 131072
2024-10-11 10:05:03,475 - INFO - Starting direct file download in chunks of 131072 at 0, stride 131072
2024-10-11 10:05:04,328 - INFO - Starting direct file download in chunks of 131072 at 0, stride 131072
2024-10-11 10:05:05,276 - INFO - Starting direct file download in chunks of 131072 at 0, stride 131072
2024-10-11 10:05:06,020 - INFO - Starting direct file download in chunks of 131072 at 0, stride 131072
2024-10-11 10:05:06,425 - INFO - Starting direct file download in chunks of 131072 at 0, stride 131072
2024-10-11 10:05:06,962 - INFO - Finished scraping @CheMed123
2024-10-11 10:05:06,962 - INFO - Listening for real-time messages...
2024-10-11 10:06:04,348 - INFO - Scrapping data...
2024-10-11 10:06:04,350 - INFO - Connecting to 149.154.167.92:443/TcpFull...
2024-10-11 10:06:04,778 - INFO - Connection to 149.154.167.92:443/TcpFull complete!
2024-10-11 10:06:08,727 - INFO - Finished scraping @DoctorsET
2024-10-11 10:06:09,483 - INFO - Starting direct file download in chunks of 131072 at 0, stride 131072
2024-10-11 10:06:11,399 - INFO - Starting direct file download in chunks of 131072 at 0, stride 131072
2024-10-11 10:06:13,868 - INFO - Starting direct file download in chunks of 131072 at 0, stride 131072
2024-10-11 10:06:14,353 - INFO - Starting direct file download in chunks of 131072 at 0, stride 131072
2024-10-11 10:06:15,840 - INFO - Starting direct file download in chunks of 131072 at 0, stride 131072
2024-10-11 10:06:17,334 - INFO - Starting direct file download in chunks of 131072 at 0, stride 131072
2024-10-11 10:06:17,931 - INFO - Starting direct file download in chunks of 131072 at 0, stride 131072
2024-10-11 10:06:18,877 - INFO - Starting direct file download in chunks of 131072 at 0, stride 131072
2024-10-11 10:06:20,636 - INFO - Starting direct file download in chunks of 131072 at 0, stride 131072
2024-10-11 10:06:25,334 - INFO - Starting direct file download in chunks of 131072 at 0, stride 131072
2024-10-11 10:06:27,065 - INFO - Starting direct file download in chunks of 131072 at 0, stride 131072
2024-10-11 10:06:27,548 - INFO - Starting direct file download in chunks of 131072 at 0, stride 131072
2024-10-11 10:06:28,673 - INFO - Starting direct file download in chunks of 131072 at 0, stride 131072
2024-10-11 10:06:29,616 - INFO - Starting direct file download in chunks of 131072 at 0, stride 131072
2024-10-11 10:06:31,664 - INFO - Starting direct file download in chunks of 131072 at 0, stride 131072
2024-10-11 10:06:35,786 - INFO - Starting direct file download in chunks of 131072 at 0, stride 131072
2024-10-11 10:06:37,467 - INFO - Starting direct file download in chunks of 131072 at 0, stride 131072
2024-10-11 10:06:40,386 - INFO - Starting direct file download in chunks of 131072 at 0, stride 131072
2024-10-11 10:06:41,969 - INFO - Starting direct file download in chunks of 131072 at 0, stride 131072
2024-10-11 10:06:45,988 - INFO - Starting direct file download in chunks of 131072 at 0, stride 131072
2024-10-11 10:06:51,335 - INFO - Starting direct file download in chunks of 131072 at 0, stride 131072
2024-10-11 10:06:54,990 - INFO - Starting direct file download in chunks of 131072 at 0, stride 131072
2024-10-11 10:06:59,948 - INFO - Starting direct file download in chunks of 131072 at 0, stride 131072
2024-10-11 10:07:06,426 - INFO - Starting direct file download in chunks of 131072 at 0, stride 131072
2024-10-11 10:07:12,531 - INFO - Starting direct file download in chunks of 131072 at 0, stride 131072
2024-10-11 10:07:48,154 - INFO - Scrapping data...
2024-10-11 10:07:48,155 - INFO - Connecting to 149.154.167.92:443/TcpFull...
2024-10-11 10:07:48,344 - INFO - Connection to 149.154.167.92:443/TcpFull complete!
2024-10-11 10:07:50,169 - INFO - Finished scraping @DoctorsET
2024-10-11 10:07:50,570 - INFO - Finished scraping @lobelia4cosmetics
2024-10-11 10:07:51,038 - INFO - Finished scraping @yetenaweg
2024-10-11 10:07:51,668 - INFO - Finished scraping @EAHCI
2024-10-11 10:07:52,114 - INFO - Finished scraping @CheMed123
2024-10-11 10:07:52,119 - INFO - Listening for real-time messages...
2024-10-11 10:17:55,774 - INFO - Got difference for account updates
2024-10-11 10:24:23,755 - INFO - Got difference for account updates
2024-10-11 10:25:47,396 - INFO - Got difference for account updates
2024-10-11 10:38:51,285 - INFO - Got difference for channel 2197711891 updates
2024-10-11 10:59:02,877 - INFO - Got difference for account updates
2024-10-11 11:03:51,744 - INFO - Closing current connection to begin reconnect...
2024-10-11 11:03:51,749 - INFO - Connecting to 149.154.167.92:443/TcpFull...
2024-10-11 11:04:01,763 - WARNING - Attempt 1 at connecting failed: TimeoutError: 
2024-10-11 11:04:12,778 - WARNING - Attempt 2 at connecting failed: TimeoutError: 
2024-10-11 11:04:23,794 - WARNING - Attempt 3 at connecting failed: TimeoutError: 
2024-10-11 11:04:34,810 - WARNING - Attempt 4 at connecting failed: TimeoutError: 
2024-10-11 11:04:45,827 - WARNING - Attempt 5 at connecting failed: TimeoutError: 
2024-10-11 11:04:49,362 - WARNING - Attempt 6 at connecting failed: OSError: [Errno 113] Connect call failed ('149.154.167.92', 443)
2024-10-11 11:04:50,367 - INFO - Failed reconnection attempt 1 with ConnectionError
2024-10-11 11:04:51,372 - INFO - Connecting to 149.154.167.92:443/TcpFull...
2024-10-11 11:04:52,330 - WARNING - Attempt 1 at connecting failed: OSError: [Errno 113] Connect call failed ('149.154.167.92', 443)
2024-10-11 11:04:55,402 - WARNING - Attempt 2 at connecting failed: OSError: [Errno 113] Connect call failed ('149.154.167.92', 443)
2024-10-11 11:05:00,233 - WARNING - Attempt 3 at connecting failed: OSError: [Errno 113] Connect call failed ('149.154.167.92', 443)
2024-10-11 11:05:03,306 - WARNING - Attempt 4 at connecting failed: OSError: [Errno 113] Connect call failed ('149.154.167.92', 443)
2024-10-11 11:05:06,382 - WARNING - Attempt 5 at connecting failed: OSError: [Errno 113] Connect call failed ('149.154.167.92', 443)
2024-10-11 11:05:09,453 - WARNING - Attempt 6 at connecting failed: OSError: [Errno 113] Connect call failed ('149.154.167.92', 443)
2024-10-11 11:05:10,455 - INFO - Failed reconnection attempt 2 with ConnectionError
2024-10-11 11:05:11,458 - INFO - Connecting to 149.154.167.92:443/TcpFull...
2024-10-11 11:05:12,521 - WARNING - Attempt 1 at connecting failed: OSError: [Errno 113] Connect call failed ('149.154.167.92', 443)
2024-10-11 11:05:13,523 - WARNING - Attempt 2 at connecting failed: OSError: [Errno 101] Network is unreachable
2024-10-11 11:05:14,525 - WARNING - Attempt 3 at connecting failed: OSError: [Errno 101] Network is unreachable
2024-10-11 11:05:15,528 - WARNING - Attempt 4 at connecting failed: OSError: [Errno 101] Network is unreachable
2024-10-11 11:05:16,532 - WARNING - Attempt 5 at connecting failed: OSError: [Errno 101] Network is unreachable
2024-10-11 11:05:17,538 - WARNING - Attempt 6 at connecting failed: OSError: [Errno 101] Network is unreachable
2024-10-11 11:05:18,543 - INFO - Failed reconnection attempt 3 with ConnectionError
2024-10-11 11:05:19,548 - INFO - Connecting to 149.154.167.92:443/TcpFull...
2024-10-11 11:05:19,552 - WARNING - Attempt 1 at connecting failed: OSError: [Errno 101] Network is unreachable
2024-10-11 11:05:20,558 - WARNING - Attempt 2 at connecting failed: OSError: [Errno 101] Network is unreachable
2024-10-11 11:05:21,564 - WARNING - Attempt 3 at connecting failed: OSError: [Errno 101] Network is unreachable
2024-10-11 11:05:22,568 - WARNING - Attempt 4 at connecting failed: OSError: [Errno 101] Network is unreachable
2024-10-11 11:05:23,573 - WARNING - Attempt 5 at connecting failed: OSError: [Errno 101] Network is unreachable
2024-10-11 11:05:24,580 - WARNING - Attempt 6 at connecting failed: OSError: [Errno 101] Network is unreachable
2024-10-11 11:05:25,584 - INFO - Failed reconnection attempt 4 with ConnectionError
2024-10-11 11:05:26,589 - INFO - Connecting to 149.154.167.92:443/TcpFull...
2024-10-11 11:05:26,594 - WARNING - Attempt 1 at connecting failed: OSError: [Errno 101] Network is unreachable
2024-10-11 11:05:27,599 - WARNING - Attempt 2 at connecting failed: OSError: [Errno 101] Network is unreachable
2024-10-11 11:05:28,605 - WARNING - Attempt 3 at connecting failed: OSError: [Errno 101] Network is unreachable
2024-10-11 11:05:29,610 - WARNING - Attempt 4 at connecting failed: OSError: [Errno 101] Network is unreachable
2024-10-11 11:05:30,614 - WARNING - Attempt 5 at connecting failed: OSError: [Errno 101] Network is unreachable
2024-10-11 11:05:31,622 - WARNING - Attempt 6 at connecting failed: OSError: [Errno 101] Network is unreachable
2024-10-11 11:05:32,625 - INFO - Failed reconnection attempt 5 with ConnectionError
2024-10-11 11:05:33,629 - ERROR - Automatic reconnection failed 5 time(s)
2024-10-11 11:05:33,633 - INFO - Disconnecting from 149.154.167.92:443/TcpFull...
2024-10-11 11:05:33,637 - ERROR - Future exception was never retrieved
future: <Future finished exception=ConnectionError('Connection to Telegram failed 5 time(s)')>
ConnectionError: Connection to Telegram failed 5 time(s)
2024-10-11 11:05:33,642 - INFO - Disconnection from 149.154.167.92:443/TcpFull complete!
2024-10-11 11:05:33,646 - INFO - Cannot get difference for channel 1072804175 since the network is down: ConnectionError: Connection to Telegram failed 5 time(s)
2024-10-11 16:21:28,450 - INFO - Scrapping data...
2024-10-11 16:21:28,452 - INFO - Connecting to 149.154.167.92:443/TcpFull...
2024-10-11 16:21:28,652 - INFO - Connection to 149.154.167.92:443/TcpFull complete!
2024-10-11 16:21:29,975 - INFO - Finished scraping @DoctorsET
2024-10-11 16:21:30,337 - INFO - Finished scraping @lobelia4cosmetics
2024-10-11 16:21:30,719 - INFO - Finished scraping @yetenaweg
2024-10-11 16:21:31,140 - INFO - Finished scraping @EAHCI
2024-10-11 16:21:31,565 - INFO - Finished scraping @CheMed123
2024-10-11 16:21:31,566 - INFO - Listening for real-time messages...
2024-10-11 16:36:30,931 - INFO - Got difference for channel 1242392095 updates
2024-10-11 16:36:31,433 - INFO - Got difference for channel 2197711891 updates
2024-10-11 16:48:32,107 - INFO - Got difference for channel 2197711891 updates
2024-10-11 16:49:31,458 - INFO - Got difference for channel 2197711891 updates
2024-10-11 16:51:35,307 - INFO - Scrapping data...
2024-10-11 16:51:35,309 - INFO - Connecting to 149.154.167.92:443/TcpFull...
2024-10-11 16:51:35,442 - INFO - Connection to 149.154.167.92:443/TcpFull complete!
2024-10-11 16:51:36,883 - INFO - Finished scraping @DoctorsET
2024-10-11 16:51:37,423 - INFO - Finished scraping @lobelia4cosmetics
2024-10-11 16:51:37,852 - INFO - Finished scraping @yetenaweg
2024-10-11 16:51:38,381 - INFO - Finished scraping @EAHCI
2024-10-11 16:51:38,791 - INFO - Finished scraping @CheMed123
2024-10-11 16:51:38,791 - INFO - Listening for real-time messages...
2024-10-11 16:55:57,837 - INFO - Got difference for account updates
2024-10-11 17:00:37,828 - INFO - Got difference for channel 2197711891 updates
2024-10-11 17:02:38,115 - INFO - Got difference for channel 2197711891 updates
2024-10-11 17:10:58,245 - INFO - Got difference for channel 2197711891 updates
2024-10-11 17:16:21,373 - INFO - Got difference for channel 2197711891 updates
2024-10-11 17:22:19,322 - INFO - Got difference for channel 2197711891 updates
2024-10-11 17:29:08,418 - INFO - Got difference for channel 2197711891 updates
2024-10-11 17:36:39,670 - INFO - Closing current connection to begin reconnect...
2024-10-11 17:36:39,680 - INFO - Connecting to 149.154.167.92:443/TcpFull...
2024-10-11 17:36:39,869 - INFO - Connection to 149.154.167.92:443/TcpFull complete!
2024-10-11 17:37:38,867 - INFO - Got difference for channel 2197711891 updates
2024-10-11 17:38:40,651 - INFO - Got difference for channel 2197711891 updates
2024-10-11 17:39:40,001 - INFO - Got difference for channel 1377094832 updates
2024-10-11 17:40:58,431 - INFO - Got difference for account updates
2024-10-11 17:40:58,576 - INFO - Got difference for channel 1193582142 updates
2024-10-11 17:56:27,478 - INFO - Got difference for channel 2197711891 updates
2024-10-11 17:58:41,217 - INFO - Got difference for channel 2197711891 updates
2024-10-11 18:08:17,376 - INFO - Got difference for channel 2197711891 updates
2024-10-11 18:10:58,726 - INFO - Got difference for account updates
2024-10-11 18:10:58,878 - INFO - Got difference for channel 1673155480 updates
2024-10-11 18:10:59,052 - INFO - Got difference for channel 1072804175 updates
2024-10-11 18:13:41,679 - INFO - Got difference for channel 2197711891 updates
2024-10-11 18:14:41,686 - INFO - Got difference for channel 2197711891 updates
2024-10-11 18:24:40,555 - ERROR - Unhandled exception on real_time_message_handler
Traceback (most recent call last):
  File "/home/osho/Projects/10AcadameyDADSML/10AcademyWeek7Analysis/.venv/lib/python3.10/site-packages/telethon/client/updates.py", line 570, in _dispatch_update
    await callback(event)
  File "/home/osho/Projects/10AcadameyDADSML/10AcademyWeek7Analysis/scripts/createW_H_Impl.py", line 95, in real_time_message_handler
    mess_text = ' '.join(re.findall(text_reg, message.message))
AttributeError: 'str' object has no attribute 'message'
2024-10-11 18:35:20,433 - INFO - Got difference for channel 2197711891 updates
2024-10-14 17:52:40,117 - INFO - Scrapping data...
2024-10-14 17:52:40,125 - INFO - Connecting to 149.154.167.92:443/TcpFull...
2024-10-14 17:52:40,226 - INFO - Connection to 149.154.167.92:443/TcpFull complete!
2024-10-14 17:53:12,666 - INFO - Finished scraping @DoctorsET
2024-10-14 17:53:12,954 - INFO - Starting direct file download in chunks of 131072 at 0, stride 131072
2024-10-14 17:53:13,244 - INFO - Starting direct file download in chunks of 131072 at 0, stride 131072
2024-10-14 17:53:13,619 - INFO - Starting direct file download in chunks of 131072 at 0, stride 131072
2024-10-14 17:53:13,837 - INFO - Starting direct file download in chunks of 131072 at 0, stride 131072
2024-10-14 17:53:13,999 - INFO - Starting direct file download in chunks of 131072 at 0, stride 131072
2024-10-14 17:53:14,242 - INFO - Starting direct file download in chunks of 131072 at 0, stride 131072
2024-10-14 17:53:14,411 - INFO - Starting direct file download in chunks of 131072 at 0, stride 131072
2024-10-14 17:53:14,559 - INFO - Starting direct file download in chunks of 131072 at 0, stride 131072
2024-10-14 17:53:15,038 - INFO - Starting direct file download in chunks of 131072 at 0, stride 131072
2024-10-14 17:53:15,448 - INFO - Starting direct file download in chunks of 131072 at 0, stride 131072
2024-10-14 17:53:15,663 - INFO - Starting direct file download in chunks of 131072 at 0, stride 131072
2024-10-14 17:53:16,062 - INFO - Starting direct file download in chunks of 131072 at 0, stride 131072
2024-10-14 17:53:16,425 - INFO - Starting direct file download in chunks of 131072 at 0, stride 131072
2024-10-14 17:53:16,616 - INFO - Starting direct file download in chunks of 131072 at 0, stride 131072
2024-10-14 17:53:16,830 - INFO - Starting direct file download in chunks of 131072 at 0, stride 131072
2024-10-14 17:53:17,285 - INFO - Starting direct file download in chunks of 131072 at 0, stride 131072
2024-10-14 17:53:17,446 - INFO - Starting direct file download in chunks of 131072 at 0, stride 131072
2024-10-14 17:53:17,801 - INFO - Starting direct file download in chunks of 131072 at 0, stride 131072
2024-10-14 17:53:18,134 - INFO - Starting direct file download in chunks of 131072 at 0, stride 131072
2024-10-14 17:53:18,354 - INFO - Starting direct file download in chunks of 131072 at 0, stride 131072
2024-10-14 17:53:18,612 - INFO - Starting direct file download in chunks of 131072 at 0, stride 131072
2024-10-14 17:53:19,133 - INFO - Starting direct file download in chunks of 131072 at 0, stride 131072
2024-10-14 17:53:19,284 - INFO - Starting direct file download in chunks of 131072 at 0, stride 131072
2024-10-14 17:53:19,421 - INFO - Starting direct file download in chunks of 131072 at 0, stride 131072
2024-10-14 17:53:19,815 - INFO - Starting direct file download in chunks of 131072 at 0, stride 131072
2024-10-14 17:53:19,988 - INFO - Starting direct file download in chunks of 131072 at 0, stride 131072
2024-10-14 17:53:20,335 - INFO - Starting direct file download in chunks of 131072 at 0, stride 131072
2024-10-14 17:53:20,672 - INFO - Starting direct file download in chunks of 131072 at 0, stride 131072
2024-10-14 17:53:20,862 - INFO - Finished scraping @lobelia4cosmetics
2024-10-14 17:53:21,171 - INFO - Finished scraping @yetenaweg
2024-10-14 17:53:21,495 - INFO - Finished scraping @EAHCI
2024-10-14 17:53:21,821 - INFO - Starting direct file download in chunks of 131072 at 0, stride 131072
2024-10-14 17:53:22,049 - INFO - Starting direct file download in chunks of 131072 at 0, stride 131072
2024-10-14 17:53:22,380 - INFO - Starting direct file download in chunks of 131072 at 0, stride 131072
2024-10-14 17:53:22,597 - INFO - Starting direct file download in chunks of 131072 at 0, stride 131072
2024-10-14 17:53:22,794 - INFO - Starting direct file download in chunks of 131072 at 0, stride 131072
2024-10-14 17:53:23,108 - INFO - Starting direct file download in chunks of 131072 at 0, stride 131072
2024-10-14 17:53:23,437 - INFO - Starting direct file download in chunks of 131072 at 0, stride 131072
2024-10-14 17:53:23,614 - INFO - Starting direct file download in chunks of 131072 at 0, stride 131072
2024-10-14 17:53:23,992 - INFO - Starting direct file download in chunks of 131072 at 0, stride 131072
2024-10-14 17:53:24,347 - INFO - Starting direct file download in chunks of 131072 at 0, stride 131072
2024-10-14 17:53:24,667 - INFO - Starting direct file download in chunks of 131072 at 0, stride 131072
2024-10-14 17:53:25,026 - INFO - Starting direct file download in chunks of 131072 at 0, stride 131072
2024-10-14 17:53:25,219 - INFO - Starting direct file download in chunks of 131072 at 0, stride 131072
2024-10-14 17:53:25,397 - INFO - Starting direct file download in chunks of 131072 at 0, stride 131072
2024-10-14 17:53:25,797 - INFO - Starting direct file download in chunks of 131072 at 0, stride 131072
2024-10-14 17:53:26,003 - INFO - Starting direct file download in chunks of 131072 at 0, stride 131072
2024-10-14 17:53:26,387 - INFO - Starting direct file download in chunks of 131072 at 0, stride 131072
2024-10-14 17:53:26,756 - INFO - Starting direct file download in chunks of 131072 at 0, stride 131072
2024-10-14 17:53:27,110 - INFO - Starting direct file download in chunks of 131072 at 0, stride 131072
2024-10-14 17:53:27,674 - INFO - Starting direct file download in chunks of 131072 at 0, stride 131072
2024-10-14 17:53:28,181 - INFO - Starting direct file download in chunks of 131072 at 0, stride 131072
2024-10-14 17:53:28,524 - INFO - Starting direct file download in chunks of 131072 at 0, stride 131072
2024-10-14 17:53:28,947 - INFO - Starting direct file download in chunks of 131072 at 0, stride 131072
2024-10-14 17:53:29,317 - INFO - Starting direct file download in chunks of 131072 at 0, stride 131072
2024-10-14 17:53:29,516 - INFO - Starting direct file download in chunks of 131072 at 0, stride 131072
2024-10-14 17:53:29,752 - INFO - Finished scraping @CheMed123
2024-10-14 17:53:29,753 - INFO - Listening for real-time messages...
2024-10-14 17:59:25,819 - INFO - Got difference for channel 2197711891 updates
2024-10-14 18:09:14,200 - ERROR - Unhandled exception on real_time_message_handler
Traceback (most recent call last):
  File "/home/osho/Projects/10AcadameyDADSML/10AcademyWeek7Analysis/.venv/lib/python3.10/site-packages/telethon/client/updates.py", line 570, in _dispatch_update
    await callback(event)
  File "/home/osho/Projects/10AcadameyDADSML/10AcademyWeek7Analysis/scripts/createW_H_Impl.py", line 95, in real_time_message_handler
    mess_text = ' '.join(re.findall(text_reg, message.message))
AttributeError: 'str' object has no attribute 'message'
2024-10-14 18:09:41,540 - INFO - Got difference for channel 1204209308 updates
2024-10-14 18:11:54,160 - ERROR - Unhandled exception on real_time_message_handler
Traceback (most recent call last):
  File "/home/osho/Projects/10AcadameyDADSML/10AcademyWeek7Analysis/.venv/lib/python3.10/site-packages/telethon/client/updates.py", line 570, in _dispatch_update
    await callback(event)
  File "/home/osho/Projects/10AcadameyDADSML/10AcademyWeek7Analysis/scripts/createW_H_Impl.py", line 95, in real_time_message_handler
    mess_text = ' '.join(re.findall(text_reg, message.message))
AttributeError: 'str' object has no attribute 'message'
2024-10-14 18:12:18,509 - ERROR - Unhandled exception on real_time_message_handler
Traceback (most recent call last):
  File "/home/osho/Projects/10AcadameyDADSML/10AcademyWeek7Analysis/.venv/lib/python3.10/site-packages/telethon/client/updates.py", line 570, in _dispatch_update
    await callback(event)
  File "/home/osho/Projects/10AcadameyDADSML/10AcademyWeek7Analysis/scripts/createW_H_Impl.py", line 95, in real_time_message_handler
    mess_text = ' '.join(re.findall(text_reg, message.message))
AttributeError: 'str' object has no attribute 'message'
2024-10-14 18:12:39,402 - ERROR - Unhandled exception on real_time_message_handler
Traceback (most recent call last):
  File "/home/osho/Projects/10AcadameyDADSML/10AcademyWeek7Analysis/.venv/lib/python3.10/site-packages/telethon/client/updates.py", line 570, in _dispatch_update
    await callback(event)
  File "/home/osho/Projects/10AcadameyDADSML/10AcademyWeek7Analysis/scripts/createW_H_Impl.py", line 95, in real_time_message_handler
    mess_text = ' '.join(re.findall(text_reg, message.message))
AttributeError: 'str' object has no attribute 'message'
2024-10-14 18:12:48,859 - INFO - Got difference for channel 2197711891 updates
2024-10-14 18:14:25,532 - INFO - Got difference for channel 2204393727 updates
2024-10-14 18:26:51,503 - INFO - Got difference for channel 2197711891 updates
2024-10-14 18:52:09,720 - INFO - Scrapping data...
2024-10-14 18:52:09,723 - INFO - Connecting to 149.154.167.92:443/TcpFull...
2024-10-14 18:52:09,822 - INFO - Connection to 149.154.167.92:443/TcpFull complete!
2024-10-14 18:52:10,699 - INFO - Finished scraping @DoctorsET
2024-10-14 18:52:10,980 - INFO - Starting direct file download in chunks of 131072 at 0, stride 131072
2024-10-14 18:52:11,559 - INFO - Starting direct file download in chunks of 131072 at 0, stride 131072
2024-10-14 18:52:11,781 - INFO - Starting direct file download in chunks of 131072 at 0, stride 131072
2024-10-14 18:52:11,966 - INFO - Starting direct file download in chunks of 131072 at 0, stride 131072
2024-10-14 18:52:12,332 - INFO - Starting direct file download in chunks of 131072 at 0, stride 131072
2024-10-14 18:52:12,490 - INFO - Starting direct file download in chunks of 131072 at 0, stride 131072
2024-10-14 18:52:12,622 - INFO - Starting direct file download in chunks of 131072 at 0, stride 131072
2024-10-14 18:52:12,839 - INFO - Starting direct file download in chunks of 131072 at 0, stride 131072
2024-10-14 18:52:13,036 - INFO - Starting direct file download in chunks of 131072 at 0, stride 131072
2024-10-14 18:52:13,229 - INFO - Starting direct file download in chunks of 131072 at 0, stride 131072
2024-10-14 18:52:13,431 - INFO - Starting direct file download in chunks of 131072 at 0, stride 131072
2024-10-14 18:52:13,590 - INFO - Starting direct file download in chunks of 131072 at 0, stride 131072
2024-10-14 18:52:13,729 - INFO - Starting direct file download in chunks of 131072 at 0, stride 131072
2024-10-14 18:52:14,089 - INFO - Starting direct file download in chunks of 131072 at 0, stride 131072
2024-10-14 18:52:14,476 - INFO - Starting direct file download in chunks of 131072 at 0, stride 131072
2024-10-14 18:52:14,667 - INFO - Starting direct file download in chunks of 131072 at 0, stride 131072
2024-10-14 18:52:15,064 - INFO - Starting direct file download in chunks of 131072 at 0, stride 131072
2024-10-14 18:52:15,390 - INFO - Starting direct file download in chunks of 131072 at 0, stride 131072
2024-10-14 18:52:15,564 - INFO - Starting direct file download in chunks of 131072 at 0, stride 131072
2024-10-14 18:52:15,714 - INFO - Starting direct file download in chunks of 131072 at 0, stride 131072
2024-10-14 18:52:16,129 - INFO - Starting direct file download in chunks of 131072 at 0, stride 131072
2024-10-14 18:52:16,275 - INFO - Starting direct file download in chunks of 131072 at 0, stride 131072
2024-10-14 18:52:16,654 - INFO - Starting direct file download in chunks of 131072 at 0, stride 131072
2024-10-14 18:52:16,979 - INFO - Starting direct file download in chunks of 131072 at 0, stride 131072
2024-10-14 18:52:17,194 - INFO - Starting direct file download in chunks of 131072 at 0, stride 131072
2024-10-14 18:52:17,367 - INFO - Starting direct file download in chunks of 131072 at 0, stride 131072
2024-10-14 18:52:17,697 - INFO - Starting direct file download in chunks of 131072 at 0, stride 131072
2024-10-14 18:52:17,848 - INFO - Starting direct file download in chunks of 131072 at 0, stride 131072
2024-10-14 18:52:17,959 - INFO - Finished scraping @lobelia4cosmetics
2024-10-14 18:52:18,224 - INFO - Finished scraping @yetenaweg
2024-10-14 18:52:18,771 - INFO - Finished scraping @EAHCI
2024-10-14 18:52:19,127 - INFO - Starting direct file download in chunks of 131072 at 0, stride 131072
2024-10-14 18:52:19,314 - INFO - Starting direct file download in chunks of 131072 at 0, stride 131072
2024-10-14 18:52:19,692 - INFO - Starting direct file download in chunks of 131072 at 0, stride 131072
2024-10-14 18:52:19,927 - INFO - Starting direct file download in chunks of 131072 at 0, stride 131072
2024-10-14 18:52:20,128 - INFO - Starting direct file download in chunks of 131072 at 0, stride 131072
2024-10-14 18:52:21,064 - INFO - Starting direct file download in chunks of 131072 at 0, stride 131072
2024-10-14 18:52:21,500 - INFO - Starting direct file download in chunks of 131072 at 0, stride 131072
2024-10-14 18:52:21,687 - INFO - Starting direct file download in chunks of 131072 at 0, stride 131072
2024-10-14 18:52:22,036 - INFO - Starting direct file download in chunks of 131072 at 0, stride 131072
2024-10-14 18:52:22,355 - INFO - Starting direct file download in chunks of 131072 at 0, stride 131072
2024-10-14 18:52:22,699 - INFO - Starting direct file download in chunks of 131072 at 0, stride 131072
2024-10-14 18:52:23,033 - INFO - Starting direct file download in chunks of 131072 at 0, stride 131072
2024-10-14 18:52:23,213 - INFO - Starting direct file download in chunks of 131072 at 0, stride 131072
2024-10-14 18:52:23,406 - INFO - Starting direct file download in chunks of 131072 at 0, stride 131072
2024-10-14 18:52:23,738 - INFO - Starting direct file download in chunks of 131072 at 0, stride 131072
2024-10-14 18:52:23,935 - INFO - Starting direct file download in chunks of 131072 at 0, stride 131072
2024-10-14 18:52:24,327 - INFO - Starting direct file download in chunks of 131072 at 0, stride 131072
2024-10-14 18:52:24,674 - INFO - Starting direct file download in chunks of 131072 at 0, stride 131072
2024-10-14 18:52:24,998 - INFO - Starting direct file download in chunks of 131072 at 0, stride 131072
2024-10-14 18:52:25,318 - INFO - Starting direct file download in chunks of 131072 at 0, stride 131072
2024-10-14 18:52:25,648 - INFO - Starting direct file download in chunks of 131072 at 0, stride 131072
2024-10-14 18:52:25,981 - INFO - Starting direct file download in chunks of 131072 at 0, stride 131072
2024-10-14 18:52:26,329 - INFO - Starting direct file download in chunks of 131072 at 0, stride 131072
2024-10-14 18:52:26,725 - INFO - Starting direct file download in chunks of 131072 at 0, stride 131072
2024-10-14 18:52:26,975 - INFO - Starting direct file download in chunks of 131072 at 0, stride 131072
2024-10-14 18:52:27,256 - INFO - Finished scraping @CheMed123
2024-10-14 18:52:27,258 - INFO - Listening for real-time messages...
2024-10-14 18:54:16,496 - INFO - Got difference for account updates
2024-10-14 18:54:16,696 - INFO - Got difference for channel 1204209308 updates
2024-10-14 18:55:57,487 - INFO - Scrapping data...
2024-10-14 18:55:57,490 - INFO - Connecting to 149.154.167.92:443/TcpFull...
2024-10-14 18:55:57,595 - INFO - Connection to 149.154.167.92:443/TcpFull complete!
2024-10-14 18:55:58,686 - INFO - Finished scraping @DoctorsET
2024-10-14 18:55:58,955 - INFO - Starting direct file download in chunks of 131072 at 0, stride 131072
2024-10-14 18:55:59,487 - INFO - Starting direct file download in chunks of 131072 at 0, stride 131072
2024-10-14 18:55:59,704 - INFO - Starting direct file download in chunks of 131072 at 0, stride 131072
2024-10-14 18:55:59,884 - INFO - Starting direct file download in chunks of 131072 at 0, stride 131072
2024-10-14 18:56:00,270 - INFO - Starting direct file download in chunks of 131072 at 0, stride 131072
2024-10-14 18:56:00,429 - INFO - Starting direct file download in chunks of 131072 at 0, stride 131072
2024-10-14 18:56:00,596 - INFO - Starting direct file download in chunks of 131072 at 0, stride 131072
2024-10-14 18:56:00,782 - INFO - Starting direct file download in chunks of 131072 at 0, stride 131072
2024-10-14 18:56:00,951 - INFO - Starting direct file download in chunks of 131072 at 0, stride 131072
2024-10-14 18:56:01,124 - INFO - Starting direct file download in chunks of 131072 at 0, stride 131072
2024-10-14 18:56:01,377 - INFO - Starting direct file download in chunks of 131072 at 0, stride 131072
2024-10-14 18:56:01,574 - INFO - Starting direct file download in chunks of 131072 at 0, stride 131072
2024-10-14 18:56:01,709 - INFO - Starting direct file download in chunks of 131072 at 0, stride 131072
2024-10-14 18:56:02,051 - INFO - Starting direct file download in chunks of 131072 at 0, stride 131072
2024-10-14 18:56:02,417 - INFO - Starting direct file download in chunks of 131072 at 0, stride 131072
2024-10-14 18:56:02,581 - INFO - Starting direct file download in chunks of 131072 at 0, stride 131072
2024-10-14 18:56:02,893 - INFO - Starting direct file download in chunks of 131072 at 0, stride 131072
2024-10-14 18:56:03,192 - INFO - Starting direct file download in chunks of 131072 at 0, stride 131072
2024-10-14 18:56:03,336 - INFO - Starting direct file download in chunks of 131072 at 0, stride 131072
2024-10-14 18:56:03,486 - INFO - Starting direct file download in chunks of 131072 at 0, stride 131072
2024-10-14 18:56:03,917 - INFO - Starting direct file download in chunks of 131072 at 0, stride 131072
2024-10-14 18:56:04,062 - INFO - Starting direct file download in chunks of 131072 at 0, stride 131072
2024-10-14 18:56:04,418 - INFO - Starting direct file download in chunks of 131072 at 0, stride 131072
2024-10-14 18:56:04,775 - INFO - Starting direct file download in chunks of 131072 at 0, stride 131072
2024-10-14 18:56:04,987 - INFO - Starting direct file download in chunks of 131072 at 0, stride 131072
2024-10-14 18:56:05,167 - INFO - Starting direct file download in chunks of 131072 at 0, stride 131072
2024-10-14 18:56:05,634 - INFO - Starting direct file download in chunks of 131072 at 0, stride 131072
2024-10-14 18:56:05,844 - INFO - Starting direct file download in chunks of 131072 at 0, stride 131072
2024-10-14 18:56:06,035 - INFO - Finished scraping @lobelia4cosmetics
2024-10-14 18:56:06,885 - INFO - Finished scraping @yetenaweg
2024-10-14 18:56:07,375 - INFO - Finished scraping @EAHCI
2024-10-14 18:56:07,657 - INFO - Starting direct file download in chunks of 131072 at 0, stride 131072
2024-10-14 18:56:07,902 - INFO - Starting direct file download in chunks of 131072 at 0, stride 131072
2024-10-14 18:56:08,187 - INFO - Starting direct file download in chunks of 131072 at 0, stride 131072
2024-10-14 18:56:08,375 - INFO - Starting direct file download in chunks of 131072 at 0, stride 131072
2024-10-14 18:56:08,537 - INFO - Starting direct file download in chunks of 131072 at 0, stride 131072
2024-10-14 18:56:08,820 - INFO - Starting direct file download in chunks of 131072 at 0, stride 131072
2024-10-14 18:56:09,119 - INFO - Starting direct file download in chunks of 131072 at 0, stride 131072
2024-10-14 18:56:09,278 - INFO - Starting direct file download in chunks of 131072 at 0, stride 131072
2024-10-14 18:56:09,565 - INFO - Starting direct file download in chunks of 131072 at 0, stride 131072
2024-10-14 18:56:09,863 - INFO - Starting direct file download in chunks of 131072 at 0, stride 131072
2024-10-14 18:56:10,179 - INFO - Starting direct file download in chunks of 131072 at 0, stride 131072
2024-10-14 18:56:10,517 - INFO - Starting direct file download in chunks of 131072 at 0, stride 131072
2024-10-14 18:56:10,660 - INFO - Starting direct file download in chunks of 131072 at 0, stride 131072
2024-10-14 18:56:10,826 - INFO - Starting direct file download in chunks of 131072 at 0, stride 131072
2024-10-14 18:56:11,138 - INFO - Starting direct file download in chunks of 131072 at 0, stride 131072
2024-10-14 18:56:11,321 - INFO - Starting direct file download in chunks of 131072 at 0, stride 131072
2024-10-14 18:56:11,671 - INFO - Starting direct file download in chunks of 131072 at 0, stride 131072
2024-10-14 18:56:11,959 - INFO - Starting direct file download in chunks of 131072 at 0, stride 131072
2024-10-14 18:56:12,256 - INFO - Starting direct file download in chunks of 131072 at 0, stride 131072
2024-10-14 18:56:12,548 - INFO - Starting direct file download in chunks of 131072 at 0, stride 131072
2024-10-14 18:56:12,850 - INFO - Starting direct file download in chunks of 131072 at 0, stride 131072
2024-10-14 18:56:13,172 - INFO - Starting direct file download in chunks of 131072 at 0, stride 131072
2024-10-14 18:56:13,487 - INFO - Starting direct file download in chunks of 131072 at 0, stride 131072
2024-10-14 18:56:13,775 - INFO - Starting direct file download in chunks of 131072 at 0, stride 131072
2024-10-14 18:56:13,937 - INFO - Starting direct file download in chunks of 131072 at 0, stride 131072
2024-10-14 18:56:14,112 - INFO - Finished scraping @CheMed123
2024-10-14 18:56:14,121 - INFO - Listening for real-time messages...
2024-10-14 18:57:24,299 - INFO - Scrapping data...
2024-10-14 18:57:24,301 - INFO - Connecting to 149.154.167.92:443/TcpFull...
2024-10-14 18:57:24,405 - INFO - Connection to 149.154.167.92:443/TcpFull complete!
2024-10-14 18:57:25,379 - INFO - Finished scraping @DoctorsET
2024-10-14 18:57:25,665 - INFO - Starting direct file download in chunks of 131072 at 0, stride 131072
2024-10-14 18:57:26,205 - INFO - Starting direct file download in chunks of 131072 at 0, stride 131072
2024-10-14 18:57:26,458 - INFO - Starting direct file download in chunks of 131072 at 0, stride 131072
2024-10-14 18:57:26,635 - INFO - Starting direct file download in chunks of 131072 at 0, stride 131072
2024-10-14 18:57:27,034 - INFO - Starting direct file download in chunks of 131072 at 0, stride 131072
2024-10-14 18:57:27,216 - INFO - Starting direct file download in chunks of 131072 at 0, stride 131072
2024-10-14 18:57:27,361 - INFO - Starting direct file download in chunks of 131072 at 0, stride 131072
2024-10-14 18:57:27,579 - INFO - Starting direct file download in chunks of 131072 at 0, stride 131072
2024-10-14 18:57:27,783 - INFO - Starting direct file download in chunks of 131072 at 0, stride 131072
2024-10-14 18:57:27,946 - INFO - Starting direct file download in chunks of 131072 at 0, stride 131072
2024-10-14 18:57:28,160 - INFO - Starting direct file download in chunks of 131072 at 0, stride 131072
2024-10-14 18:57:28,306 - INFO - Starting direct file download in chunks of 131072 at 0, stride 131072
2024-10-14 18:57:28,448 - INFO - Starting direct file download in chunks of 131072 at 0, stride 131072
2024-10-14 18:57:28,823 - INFO - Starting direct file download in chunks of 131072 at 0, stride 131072
2024-10-14 18:57:29,208 - INFO - Starting direct file download in chunks of 131072 at 0, stride 131072
2024-10-14 18:57:29,413 - INFO - Starting direct file download in chunks of 131072 at 0, stride 131072
2024-10-14 18:57:29,748 - INFO - Starting direct file download in chunks of 131072 at 0, stride 131072
2024-10-14 18:57:30,094 - INFO - Starting direct file download in chunks of 131072 at 0, stride 131072
2024-10-14 18:57:30,289 - INFO - Starting direct file download in chunks of 131072 at 0, stride 131072
2024-10-14 18:57:30,435 - INFO - Starting direct file download in chunks of 131072 at 0, stride 131072
2024-10-14 18:57:30,851 - INFO - Starting direct file download in chunks of 131072 at 0, stride 131072
2024-10-14 18:57:30,989 - INFO - Starting direct file download in chunks of 131072 at 0, stride 131072
2024-10-14 18:57:31,317 - INFO - Starting direct file download in chunks of 131072 at 0, stride 131072
2024-10-14 18:57:31,735 - INFO - Starting direct file download in chunks of 131072 at 0, stride 131072
2024-10-14 18:57:31,960 - INFO - Starting direct file download in chunks of 131072 at 0, stride 131072
2024-10-14 18:57:32,145 - INFO - Starting direct file download in chunks of 131072 at 0, stride 131072
2024-10-14 18:57:32,505 - INFO - Starting direct file download in chunks of 131072 at 0, stride 131072
2024-10-14 18:57:32,668 - INFO - Starting direct file download in chunks of 131072 at 0, stride 131072
2024-10-14 18:57:32,793 - INFO - Finished scraping @lobelia4cosmetics
2024-10-14 18:57:33,111 - INFO - Finished scraping @yetenaweg
2024-10-14 18:57:33,496 - INFO - Finished scraping @EAHCI
2024-10-14 18:57:33,788 - INFO - Starting direct file download in chunks of 131072 at 0, stride 131072
2024-10-14 18:57:33,959 - INFO - Starting direct file download in chunks of 131072 at 0, stride 131072
2024-10-14 18:57:34,337 - INFO - Starting direct file download in chunks of 131072 at 0, stride 131072
2024-10-14 18:57:34,523 - INFO - Starting direct file download in chunks of 131072 at 0, stride 131072
2024-10-14 18:57:34,766 - INFO - Starting direct file download in chunks of 131072 at 0, stride 131072
2024-10-14 18:57:35,137 - INFO - Starting direct file download in chunks of 131072 at 0, stride 131072
2024-10-14 18:57:35,535 - INFO - Starting direct file download in chunks of 131072 at 0, stride 131072
2024-10-14 18:57:35,717 - INFO - Starting direct file download in chunks of 131072 at 0, stride 131072
2024-10-14 18:57:36,111 - INFO - Starting direct file download in chunks of 131072 at 0, stride 131072
2024-10-14 18:57:36,437 - INFO - Starting direct file download in chunks of 131072 at 0, stride 131072
2024-10-14 18:57:36,779 - INFO - Starting direct file download in chunks of 131072 at 0, stride 131072
2024-10-14 18:57:37,145 - INFO - Starting direct file download in chunks of 131072 at 0, stride 131072
2024-10-14 18:57:37,332 - INFO - Starting direct file download in chunks of 131072 at 0, stride 131072
2024-10-14 18:57:37,526 - INFO - Starting direct file download in chunks of 131072 at 0, stride 131072
2024-10-14 18:57:37,889 - INFO - Starting direct file download in chunks of 131072 at 0, stride 131072
2024-10-14 18:57:38,104 - INFO - Starting direct file download in chunks of 131072 at 0, stride 131072
2024-10-14 18:57:38,502 - INFO - Starting direct file download in chunks of 131072 at 0, stride 131072
2024-10-14 18:57:38,901 - INFO - Starting direct file download in chunks of 131072 at 0, stride 131072
2024-10-14 18:57:39,464 - INFO - Starting direct file download in chunks of 131072 at 0, stride 131072
2024-10-14 18:57:39,848 - INFO - Starting direct file download in chunks of 131072 at 0, stride 131072
2024-10-14 18:57:40,318 - INFO - Starting direct file download in chunks of 131072 at 0, stride 131072
2024-10-14 18:57:40,749 - INFO - Starting direct file download in chunks of 131072 at 0, stride 131072
2024-10-14 18:57:41,182 - INFO - Starting direct file download in chunks of 131072 at 0, stride 131072
2024-10-14 18:57:41,664 - INFO - Starting direct file download in chunks of 131072 at 0, stride 131072
2024-10-14 18:57:41,908 - INFO - Starting direct file download in chunks of 131072 at 0, stride 131072
2024-10-14 18:57:42,129 - INFO - Finished scraping @CheMed123
2024-10-14 18:57:42,130 - INFO - Listening for real-time messages...
2024-10-14 19:34:48,123 - INFO - Got difference for account updates
2024-10-14 19:53:35,498 - INFO - Got difference for channel 2197711891 updates
2024-10-14 20:05:29,853 - INFO - Got difference for channel 2197711891 updates
2024-10-14 20:11:30,518 - INFO - Got difference for channel 2197711891 updates
2024-10-14 20:19:26,375 - INFO - Got difference for channel 2197711891 updates
2024-10-14 20:19:48,565 - INFO - Got difference for account updates
2024-10-14 20:19:48,706 - INFO - Got difference for channel 1898050779 updates
2024-10-14 20:20:02,209 - INFO - Got difference for channel 1898050779 updates
2024-10-14 20:23:28,783 - INFO - Got difference for channel 2197711891 updates
